<?xml version="1.0" encoding="UTF-8"?>
<!-- Generated by org.testng.reporters.JUnitReportReporter -->
<testsuite hostname="LAPTOP-SK1OSAKQ" failures="0" tests="1" name="question_No_5.Question3_TestNGImplementation" time="8.596" errors="0" timestamp="2023-12-06T14:17:09 IST" skipped="0">
  <testcase classname="question_No_5.Question3_TestNGImplementation" name="verifyURL" time="8.596"/>
</testsuite> <!-- question_No_5.Question3_TestNGImplementation -->
